<?xml version="1.0" encoding="UTF-8"?>
<!-- Generated by org.testng.reporters.JUnitReportReporter -->
<testsuite hostname="DESKTOP-Q4FK41J" failures="0" tests="1" name="RestAssured.RestSample.restAssuredDay3" time="1.503" errors="0" timestamp="15 Mar 2022 04:45:25 GMT" skipped="0">
  <testcase classname="RestAssured.RestSample.restAssuredDay3" name="pojoExample" time="1.503"/>
</testsuite> <!-- RestAssured.RestSample.restAssuredDay3 -->
