<?xml version="1.0" encoding="UTF-8"?>
<!-- Generated by org.testng.reporters.JUnitReportReporter -->
<testsuite hostname="DESKTOP-Q4FK41J" failures="0" tests="1" name="RestAssured.RestSample.Assignment" time="8.400" errors="0" timestamp="16 Mar 2022 04:38:08 GMT" skipped="0">
  <testcase classname="RestAssured.RestSample.Assignment" name="restAssignmentUser" time="8.400"/>
</testsuite> <!-- RestAssured.RestSample.Assignment -->
