<?xml version="1.0" encoding="UTF-8"?>
<!-- Generated by org.testng.reporters.JUnitReportReporter -->
<testsuite hostname="DESKTOP-Q4FK41J" failures="0" tests="2" name="RestAssured.RestSample.restAssuredDay1" time="1.426" errors="0" timestamp="11 Mar 2022 05:24:42 GMT" skipped="1">
  <testcase classname="RestAssured.RestSample.restAssuredDay1" name="queryParam" time="1.426"/>
  <testcase classname="RestAssured.RestSample.restAssuredDay1" name="getDelete">
    <skipped/>
  </testcase> <!-- getDelete -->
</testsuite> <!-- RestAssured.RestSample.restAssuredDay1 -->
